------- 2-nodes-8-cores --------
Completed Job: 0 Time to process tweets: 38.1522479057312
Completed Job: 4 Time to process tweets: 38.19920372962952
Completed Job: 5 Time to process tweets: 38.449623823165894
Completed Job: 7 Time to process tweets: 38.669368743896484
Completed Job: 2 Time to process tweets: 39.447295904159546
Completed Job: 6 Time to process tweets: 39.51626491546631
Completed Job: 1 Time to process tweets: 40.012048959732056
Aggregated Results:
Cell       #Total Tweets             #Number of languages used #Top 10 Languages & #Tweets
A1         21                        2                         [["English", 20], ["French", 1]]
A2         22                        2                         [["English", 21], ["Japanese", 1]]
A3         11                        3                         [["English", 9], ["Thai", 1], ["Indonesian", 1]]
A4         85                        4                         [["English", 80], ["Turkish", 2], ["French", 2], ["Spanish", 1]]
B1         184                       5                         [["English", 179], ["Tagalog", 2], ["Danish", 1], ["Catalan", 1], ["Haitian", 1]]
B2         504                       12                        [["English", 482], ["Chinese", 5], ["Italian", 4], ["Japanese", 3], ["German", 2], ["Tagalog", 2], ["Portuguese", 1], ["Finnish", 1], ["Spanish", 1], ["Hindi", 1]]
B3         641                       12                        [["English", 610], ["Chinese", 5], ["Japanese", 5], ["Indonesian", 5], ["Romanian", 4], ["Spanish", 3], ["Portuguese", 3], ["Catalan", 2], ["Tagalog", 1], ["Danish", 1]]
B4         469                       10                        [["English", 450], ["Japanese", 8], ["Portuguese", 3], ["Italian", 2], ["Indonesian", 1], ["German", 1], ["Spanish", 1], ["Turkish", 1], ["Dutch", 1], ["French", 1]]
C1         46                        4                         [["English", 42], ["French", 2], ["German", 1], ["Haitian", 1]]
C2         95                        6                         [["English", 84], ["Indonesian", 6], ["Spanish", 2], ["Chinese", 1], ["Romanian", 1], ["French", 1]]
C3         4480                      30                        [["English", 4186], ["Japanese", 56], ["Spanish", 42], ["Indonesian", 32], ["Catalan", 24], ["Portuguese", 15], ["Chinese", 13], ["Tagalog", 13], ["German", 12], ["Romanian", 11]]
C4         962                       21                        [["English", 888], ["Haitian", 17], ["Japanese", 6], ["Indonesian", 6], ["Romanian", 6], ["Spanish", 5], ["Estonian", 5], ["Italian", 5], ["Tagalog", 4], ["Catalan", 3]]
D1         97                        6                         [["English", 90], ["Portuguese", 2], ["Welsh", 2], ["Spanish", 1], ["Catalan", 1], ["Lithuanian", 1]]
D2         33                        2                         [["English", 31], ["Spanish", 2]]
D3         160                       7                         [["English", 154], ["Spanish", 1], ["Estonian", 1], ["Portuguese", 1], ["Thai", 1], ["Tagalog", 1], ["Catalan", 1]]
D4         3                         1                         [["English", 3]]         
Time to merge:  0.0004496574401855469
Time taken: 101.2879490852356  secs
Completed Job: 3 Time to process tweets: 40.67045879364014

real	1m42.363s
user	5m29.569s
sys	0m36.995s
